<?xml version="1.0" encoding="UTF-8"?>
<testsuite xmlns:xsi="http://www.w3.org/2001/XMLSchema-instance" xsi:noNamespaceSchemaLocation="https://maven.apache.org/surefire/maven-surefire-plugin/xsd/surefire-test-report-3.0.xsd" version="3.0" name="org.sonar.samples.java.checks.AvoidAnnotationCheckTest" time="1.408" tests="1" errors="0" skipped="0" failures="0">
  <properties>
[...]
</properties>
  <testcase name="detected" classname="org.sonar.samples.java.checks.AvoidAnnotationCheckTest" time="1.362">
    <system-out><![CDATA[14:42:15.696 [main] DEBUG o.s.java.bytecode.ClassLoaderBuilder - ----- Classpath analyzed by Squid:
14:42:15.702 [main] DEBUG o.s.java.bytecode.ClassLoaderBuilder - C:\Study\workspace\Java_Custom_Rules\target\test-classes
14:42:15.702 [main] DEBUG o.s.java.bytecode.ClassLoaderBuilder - -----
14:42:15.798 [main] INFO  o.s.analyzer.commons.ProgressReport - 1 source files to be analyzed
MyAnnotation
Zuper
CompilationUnitTree : [
  ClassTree
    ModifiersTree
    IdentifierTree
    TypeParameters : [
    VariableTree
      ModifiersTree
      PrimitiveTypeTree
      IdentifierTree
    MethodTree
      ModifiersTree : [
        AnnotationTree
          IdentifierTree
          Arguments
        ]
      TypeParameters
      PrimitiveTypeTree
      IdentifierTree
      BlockTree
    MethodTree
      ModifiersTree : [
        AnnotationTree
          IdentifierTree
          Arguments
        ]
      TypeParameters
      PrimitiveTypeTree
      IdentifierTree
      BlockTree
    ]
  ]

14:42:16.676 [Report about progress of Java AST analyzer] INFO  o.s.analyzer.commons.ProgressReport - 1/1 source files have been analyzed
]]></system-out>
  </testcase>
</testsuite>